{"/Users/pingjohnlayson/Tutorial/temp/temp1/loan-api/src/app.ts": {"path":"/Users/pingjohnlayson/Tutorial/temp/temp1/loan-api/src/app.ts","statementMap":{"0":{"start":{"line":1,"column":0},"end":{"line":1,"column":30}},"1":{"start":{"line":2,"column":0},"end":{"line":2,"column":45}},"2":{"start":{"line":3,"column":0},"end":{"line":3,"column":57}},"3":{"start":{"line":5,"column":12},"end":{"line":5,"column":21}},"4":{"start":{"line":7,"column":0},"end":{"line":7,"column":24}},"5":{"start":{"line":8,"column":0},"end":{"line":8,"column":28}},"6":{"start":{"line":9,"column":0},"end":{"line":9,"column":22}},"7":{"start":{"line":11,"column":0},"end":{"line":11,"column":19}}},"fnMap":{},"branchMap":{},"s":{"0":1,"1":1,"2":1,"3":1,"4":1,"5":1,"6":1,"7":1},"f":{},"b":{}}
,"/Users/pingjohnlayson/Tutorial/temp/temp1/loan-api/src/controllers/loanController.ts": {"path":"/Users/pingjohnlayson/Tutorial/temp/temp1/loan-api/src/controllers/loanController.ts","statementMap":{"0":{"start":{"line":1,"column":0},"end":{"line":1,"column":49}},"1":{"start":{"line":2,"column":0},"end":{"line":2,"column":42}},"2":{"start":{"line":4,"column":0},"end":{"line":4,"column":54}},"3":{"start":{"line":7,"column":20},"end":{"line":7,"column":37}},"4":{"start":{"line":9,"column":13},"end":{"line":12,"column":3}},"5":{"start":{"line":9,"column":75},"end":{"line":12,"column":2}},"6":{"start":{"line":10,"column":19},"end":{"line":10,"column":50}},"7":{"start":{"line":11,"column":2},"end":{"line":11,"column":21}},"8":{"start":{"line":14,"column":13},"end":{"line":20,"column":3}},"9":{"start":{"line":14,"column":75},"end":{"line":20,"column":2}},"10":{"start":{"line":15,"column":19},"end":{"line":15,"column":63}},"11":{"start":{"line":16,"column":2},"end":{"line":18,"column":3}},"12":{"start":{"line":17,"column":4},"end":{"line":17,"column":49}},"13":{"start":{"line":19,"column":2},"end":{"line":19,"column":21}},"14":{"start":{"line":22,"column":13},"end":{"line":26,"column":3}},"15":{"start":{"line":22,"column":74},"end":{"line":26,"column":2}},"16":{"start":{"line":23,"column":36},"end":{"line":23,"column":44}},"17":{"start":{"line":24,"column":19},"end":{"line":24,"column":57}},"18":{"start":{"line":25,"column":2},"end":{"line":25,"column":33}},"19":{"start":{"line":28,"column":13},"end":{"line":35,"column":3}},"20":{"start":{"line":28,"column":74},"end":{"line":35,"column":2}},"21":{"start":{"line":29,"column":36},"end":{"line":29,"column":44}},"22":{"start":{"line":30,"column":19},"end":{"line":30,"column":72}},"23":{"start":{"line":31,"column":2},"end":{"line":33,"column":3}},"24":{"start":{"line":32,"column":4},"end":{"line":32,"column":49}},"25":{"start":{"line":34,"column":2},"end":{"line":34,"column":21}},"26":{"start":{"line":37,"column":13},"end":{"line":43,"column":3}},"27":{"start":{"line":37,"column":74},"end":{"line":43,"column":2}},"28":{"start":{"line":38,"column":19},"end":{"line":38,"column":62}},"29":{"start":{"line":39,"column":2},"end":{"line":41,"column":3}},"30":{"start":{"line":40,"column":4},"end":{"line":40,"column":49}},"31":{"start":{"line":42,"column":2},"end":{"line":42,"column":33}}},"fnMap":{"0":{"name":"(anonymous_8)","decl":{"start":{"line":9,"column":56},"end":{"line":9,"column":63}},"loc":{"start":{"line":9,"column":75},"end":{"line":12,"column":2}}},"1":{"name":"(anonymous_9)","decl":{"start":{"line":9,"column":75},"end":{"line":9,"column":null}},"loc":{"start":{"line":9,"column":75},"end":{"line":12,"column":1}}},"2":{"name":"(anonymous_10)","decl":{"start":{"line":14,"column":56},"end":{"line":14,"column":63}},"loc":{"start":{"line":14,"column":75},"end":{"line":20,"column":2}}},"3":{"name":"(anonymous_11)","decl":{"start":{"line":14,"column":75},"end":{"line":14,"column":null}},"loc":{"start":{"line":14,"column":75},"end":{"line":20,"column":1}}},"4":{"name":"(anonymous_12)","decl":{"start":{"line":22,"column":55},"end":{"line":22,"column":62}},"loc":{"start":{"line":22,"column":74},"end":{"line":26,"column":2}}},"5":{"name":"(anonymous_13)","decl":{"start":{"line":22,"column":74},"end":{"line":22,"column":null}},"loc":{"start":{"line":22,"column":74},"end":{"line":26,"column":1}}},"6":{"name":"(anonymous_14)","decl":{"start":{"line":28,"column":55},"end":{"line":28,"column":62}},"loc":{"start":{"line":28,"column":74},"end":{"line":35,"column":2}}},"7":{"name":"(anonymous_15)","decl":{"start":{"line":28,"column":74},"end":{"line":28,"column":null}},"loc":{"start":{"line":28,"column":74},"end":{"line":35,"column":1}}},"8":{"name":"(anonymous_16)","decl":{"start":{"line":37,"column":55},"end":{"line":37,"column":62}},"loc":{"start":{"line":37,"column":74},"end":{"line":43,"column":2}}},"9":{"name":"(anonymous_17)","decl":{"start":{"line":37,"column":74},"end":{"line":37,"column":null}},"loc":{"start":{"line":37,"column":74},"end":{"line":43,"column":1}}}},"branchMap":{"0":{"loc":{"start":{"line":16,"column":2},"end":{"line":18,"column":3}},"type":"if","locations":[{"start":{"line":16,"column":2},"end":{"line":18,"column":3}}]},"1":{"loc":{"start":{"line":31,"column":2},"end":{"line":33,"column":3}},"type":"if","locations":[{"start":{"line":31,"column":2},"end":{"line":33,"column":3}}]},"2":{"loc":{"start":{"line":39,"column":2},"end":{"line":41,"column":3}},"type":"if","locations":[{"start":{"line":39,"column":2},"end":{"line":41,"column":3}}]}},"s":{"0":1,"1":1,"2":1,"3":1,"4":1,"5":1,"6":1,"7":1,"8":1,"9":2,"10":2,"11":2,"12":1,"13":1,"14":1,"15":1,"16":1,"17":1,"18":1,"19":1,"20":1,"21":1,"22":1,"23":1,"24":0,"25":1,"26":1,"27":1,"28":1,"29":1,"30":0,"31":1},"f":{"0":1,"1":1,"2":2,"3":2,"4":1,"5":1,"6":1,"7":1,"8":1,"9":1},"b":{"0":[1],"1":[0],"2":[0]}}
,"/Users/pingjohnlayson/Tutorial/temp/temp1/loan-api/src/middleware/errorHandler.ts": {"path":"/Users/pingjohnlayson/Tutorial/temp/temp1/loan-api/src/middleware/errorHandler.ts","statementMap":{"0":{"start":{"line":2,"column":0},"end":{"line":2,"column":40}},"1":{"start":{"line":11,"column":49},"end":{"line":46,"column":1}},"2":{"start":{"line":13,"column":2},"end":{"line":15,"column":3}},"3":{"start":{"line":14,"column":4},"end":{"line":14,"column":44}},"4":{"start":{"line":18,"column":2},"end":{"line":26,"column":3}},"5":{"start":{"line":19,"column":4},"end":{"line":24,"column":7}},"6":{"start":{"line":25,"column":4},"end":{"line":25,"column":11}},"7":{"start":{"line":29,"column":2},"end":{"line":37,"column":3}},"8":{"start":{"line":30,"column":4},"end":{"line":35,"column":7}},"9":{"start":{"line":31,"column":35},"end":{"line":34,"column":8}},"10":{"start":{"line":36,"column":4},"end":{"line":36,"column":11}},"11":{"start":{"line":40,"column":2},"end":{"line":45,"column":5}},"12":{"start":{"line":11,"column":13},"end":{"line":11,"column":49}}},"fnMap":{"0":{"name":"(anonymous_0)","decl":{"start":{"line":11,"column":49},"end":{"line":11,"column":50}},"loc":{"start":{"line":11,"column":92},"end":{"line":46,"column":1}}},"1":{"name":"(anonymous_1)","decl":{"start":{"line":31,"column":29},"end":{"line":31,"column":30}},"loc":{"start":{"line":31,"column":35},"end":{"line":34,"column":8}}}},"branchMap":{"0":{"loc":{"start":{"line":13,"column":2},"end":{"line":15,"column":3}},"type":"if","locations":[{"start":{"line":13,"column":2},"end":{"line":15,"column":3}}]},"1":{"loc":{"start":{"line":13,"column":6},"end":{"line":13,"column":32}},"type":"binary-expr","locations":[{"start":{"line":13,"column":6},"end":{"line":13,"column":17}},{"start":{"line":13,"column":21},"end":{"line":13,"column":32}}]},"2":{"loc":{"start":{"line":18,"column":2},"end":{"line":26,"column":3}},"type":"if","locations":[{"start":{"line":18,"column":2},"end":{"line":26,"column":3}}]},"3":{"loc":{"start":{"line":19,"column":15},"end":{"line":19,"column":32}},"type":"binary-expr","locations":[{"start":{"line":19,"column":15},"end":{"line":19,"column":25}},{"start":{"line":19,"column":29},"end":{"line":19,"column":32}}]},"4":{"loc":{"start":{"line":29,"column":2},"end":{"line":37,"column":3}},"type":"if","locations":[{"start":{"line":29,"column":2},"end":{"line":37,"column":3}}]},"5":{"loc":{"start":{"line":32,"column":15},"end":{"line":32,"column":47}},"type":"cond-expr","locations":[{"start":{"line":32,"column":36},"end":{"line":32,"column":42}},{"start":{"line":32,"column":45},"end":{"line":32,"column":47}}]},"6":{"loc":{"start":{"line":42,"column":15},"end":{"line":42,"column":53}},"type":"binary-expr","locations":[{"start":{"line":42,"column":15},"end":{"line":42,"column":26}},{"start":{"line":42,"column":30},"end":{"line":42,"column":53}}]}},"s":{"0":2,"1":2,"2":6,"3":2,"4":6,"5":2,"6":2,"7":4,"8":2,"9":2,"10":2,"11":2,"12":2},"f":{"0":6,"1":2},"b":{"0":[2],"1":[6,4],"2":[2],"3":[2,0],"4":[2],"5":[1,1],"6":[2,1]}}
,"/Users/pingjohnlayson/Tutorial/temp/temp1/loan-api/src/middleware/validation.ts": {"path":"/Users/pingjohnlayson/Tutorial/temp/temp1/loan-api/src/middleware/validation.ts","statementMap":{"0":{"start":{"line":1,"column":0},"end":{"line":1,"column":76}},"1":{"start":{"line":13,"column":13},"end":{"line":54,"column":2}},"2":{"start":{"line":18,"column":6},"end":{"line":20,"column":7}},"3":{"start":{"line":19,"column":8},"end":{"line":19,"column":49}},"4":{"start":{"line":21,"column":6},"end":{"line":21,"column":18}},"5":{"start":{"line":32,"column":23},"end":{"line":32,"column":32}},"6":{"start":{"line":46,"column":23},"end":{"line":46,"column":32}},"7":{"start":{"line":56,"column":39},"end":{"line":72,"column":1}},"8":{"start":{"line":61,"column":17},"end":{"line":61,"column":38}},"9":{"start":{"line":62,"column":2},"end":{"line":70,"column":3}},"10":{"start":{"line":63,"column":4},"end":{"line":68,"column":7}},"11":{"start":{"line":64,"column":41},"end":{"line":67,"column":8}},"12":{"start":{"line":69,"column":4},"end":{"line":69,"column":11}},"13":{"start":{"line":71,"column":2},"end":{"line":71,"column":9}},"14":{"start":{"line":56,"column":13},"end":{"line":56,"column":39}}},"fnMap":{"0":{"name":"(anonymous_0)","decl":{"start":{"line":17,"column":12},"end":{"line":17,"column":13}},"loc":{"start":{"line":17,"column":22},"end":{"line":22,"column":5}}},"1":{"name":"(anonymous_1)","decl":{"start":{"line":32,"column":12},"end":{"line":32,"column":13}},"loc":{"start":{"line":32,"column":23},"end":{"line":32,"column":32}}},"2":{"name":"(anonymous_2)","decl":{"start":{"line":46,"column":12},"end":{"line":46,"column":13}},"loc":{"start":{"line":46,"column":23},"end":{"line":46,"column":32}}},"3":{"name":"(anonymous_3)","decl":{"start":{"line":56,"column":39},"end":{"line":56,"column":null}},"loc":{"start":{"line":60,"column":10},"end":{"line":72,"column":1}}},"4":{"name":"(anonymous_4)","decl":{"start":{"line":64,"column":33},"end":{"line":64,"column":36}},"loc":{"start":{"line":64,"column":41},"end":{"line":67,"column":8}}}},"branchMap":{"0":{"loc":{"start":{"line":18,"column":6},"end":{"line":20,"column":7}},"type":"if","locations":[{"start":{"line":18,"column":6},"end":{"line":20,"column":7}}]},"1":{"loc":{"start":{"line":62,"column":2},"end":{"line":70,"column":3}},"type":"if","locations":[{"start":{"line":62,"column":2},"end":{"line":70,"column":3}}]},"2":{"loc":{"start":{"line":65,"column":15},"end":{"line":65,"column":51}},"type":"cond-expr","locations":[{"start":{"line":65,"column":38},"end":{"line":65,"column":46}},{"start":{"line":65,"column":49},"end":{"line":65,"column":51}}]}},"s":{"0":1,"1":1,"2":12,"3":1,"4":11,"5":12,"6":12,"7":1,"8":12,"9":12,"10":10,"11":16,"12":10,"13":2,"14":1},"f":{"0":12,"1":12,"2":12,"3":12,"4":16},"b":{"0":[1],"1":[10],"2":[16,0]}}
,"/Users/pingjohnlayson/Tutorial/temp/temp1/loan-api/src/routes/loanRoutes.ts": {"path":"/Users/pingjohnlayson/Tutorial/temp/temp1/loan-api/src/routes/loanRoutes.ts","statementMap":{"0":{"start":{"line":1,"column":0},"end":{"line":1,"column":42}},"1":{"start":{"line":2,"column":0},"end":{"line":2,"column":null}},"2":{"start":{"line":9,"column":0},"end":{"line":9,"column":null}},"3":{"start":{"line":14,"column":23},"end":{"line":14,"column":39}},"4":{"start":{"line":16,"column":0},"end":{"line":16,"column":34}},"5":{"start":{"line":17,"column":0},"end":{"line":17,"column":38}},"6":{"start":{"line":18,"column":0},"end":{"line":22,"column":2}},"7":{"start":{"line":23,"column":0},"end":{"line":27,"column":2}},"8":{"start":{"line":28,"column":0},"end":{"line":28,"column":40}},"9":{"start":{"line":30,"column":0},"end":{"line":30,"column":22}}},"fnMap":{},"branchMap":{},"s":{"0":1,"1":1,"2":1,"3":1,"4":1,"5":1,"6":1,"7":1,"8":1,"9":1},"f":{},"b":{}}
,"/Users/pingjohnlayson/Tutorial/temp/temp1/loan-api/src/services/loanService.ts": {"path":"/Users/pingjohnlayson/Tutorial/temp/temp1/loan-api/src/services/loanService.ts","statementMap":{"0":{"start":{"line":2,"column":0},"end":{"line":2,"column":64}},"1":{"start":{"line":3,"column":0},"end":{"line":3,"column":36}},"2":{"start":{"line":12,"column":10},"end":{"line":12,"column":40}},"3":{"start":{"line":15,"column":21},"end":{"line":15,"column":52}},"4":{"start":{"line":16,"column":27},"end":{"line":16,"column":96}},"5":{"start":{"line":18,"column":17},"end":{"line":22,"column":null}},"6":{"start":{"line":25,"column":4},"end":{"line":25,"column":29}},"7":{"start":{"line":26,"column":4},"end":{"line":30,"column":6}},"8":{"start":{"line":34,"column":4},"end":{"line":38,"column":6}},"9":{"start":{"line":42,"column":17},"end":{"line":42,"column":58}},"10":{"start":{"line":42,"column":43},"end":{"line":42,"column":57}},"11":{"start":{"line":43,"column":4},"end":{"line":48,"column":5}},"12":{"start":{"line":44,"column":6},"end":{"line":47,"column":8}},"13":{"start":{"line":49,"column":4},"end":{"line":53,"column":6}},"14":{"start":{"line":57,"column":22},"end":{"line":57,"column":68}},"15":{"start":{"line":57,"column":53},"end":{"line":57,"column":67}},"16":{"start":{"line":58,"column":4},"end":{"line":63,"column":5}},"17":{"start":{"line":59,"column":6},"end":{"line":62,"column":8}},"18":{"start":{"line":65,"column":21},"end":{"line":65,"column":52}},"19":{"start":{"line":66,"column":27},"end":{"line":66,"column":96}},"20":{"start":{"line":68,"column":21},"end":{"line":72,"column":null}},"21":{"start":{"line":75,"column":4},"end":{"line":75,"column":40}},"22":{"start":{"line":76,"column":4},"end":{"line":80,"column":6}},"23":{"start":{"line":84,"column":22},"end":{"line":84,"column":68}},"24":{"start":{"line":84,"column":53},"end":{"line":84,"column":67}},"25":{"start":{"line":85,"column":4},"end":{"line":90,"column":5}},"26":{"start":{"line":86,"column":6},"end":{"line":89,"column":8}},"27":{"start":{"line":92,"column":4},"end":{"line":92,"column":36}},"28":{"start":{"line":93,"column":4},"end":{"line":97,"column":6}},"29":{"start":{"line":11,"column":0},"end":{"line":11,"column":13}}},"fnMap":{"0":{"name":"(anonymous_0)","decl":{"start":{"line":11,"column":0},"end":{"line":11,"column":13}},"loc":{"start":{"line":11,"column":0},"end":{"line":99,"column":1}}},"1":{"name":"(anonymous_1)","decl":{"start":{"line":14,"column":2},"end":{"line":14,"column":12}},"loc":{"start":{"line":14,"column":79},"end":{"line":31,"column":3}}},"2":{"name":"(anonymous_2)","decl":{"start":{"line":33,"column":2},"end":{"line":33,"column":13}},"loc":{"start":{"line":33,"column":13},"end":{"line":39,"column":3}}},"3":{"name":"(anonymous_3)","decl":{"start":{"line":41,"column":2},"end":{"line":41,"column":13}},"loc":{"start":{"line":41,"column":24},"end":{"line":54,"column":3}}},"4":{"name":"(anonymous_4)","decl":{"start":{"line":42,"column":33},"end":{"line":42,"column":34}},"loc":{"start":{"line":42,"column":43},"end":{"line":42,"column":57}}},"5":{"name":"(anonymous_5)","decl":{"start":{"line":56,"column":2},"end":{"line":56,"column":12}},"loc":{"start":{"line":56,"column":91},"end":{"line":81,"column":3}}},"6":{"name":"(anonymous_6)","decl":{"start":{"line":57,"column":43},"end":{"line":57,"column":44}},"loc":{"start":{"line":57,"column":53},"end":{"line":57,"column":67}}},"7":{"name":"(anonymous_7)","decl":{"start":{"line":83,"column":2},"end":{"line":83,"column":12}},"loc":{"start":{"line":83,"column":23},"end":{"line":98,"column":3}}},"8":{"name":"(anonymous_8)","decl":{"start":{"line":84,"column":43},"end":{"line":84,"column":44}},"loc":{"start":{"line":84,"column":53},"end":{"line":84,"column":67}}}},"branchMap":{"0":{"loc":{"start":{"line":15,"column":21},"end":{"line":15,"column":52}},"type":"cond-expr","locations":[{"start":{"line":15,"column":47},"end":{"line":15,"column":48}},{"start":{"line":15,"column":51},"end":{"line":15,"column":52}}]},"1":{"loc":{"start":{"line":43,"column":4},"end":{"line":48,"column":5}},"type":"if","locations":[{"start":{"line":43,"column":4},"end":{"line":48,"column":5}}]},"2":{"loc":{"start":{"line":58,"column":4},"end":{"line":63,"column":5}},"type":"if","locations":[{"start":{"line":58,"column":4},"end":{"line":63,"column":5}}]},"3":{"loc":{"start":{"line":65,"column":21},"end":{"line":65,"column":52}},"type":"cond-expr","locations":[{"start":{"line":65,"column":47},"end":{"line":65,"column":48}},{"start":{"line":65,"column":51},"end":{"line":65,"column":52}}]},"4":{"loc":{"start":{"line":85,"column":4},"end":{"line":90,"column":5}},"type":"if","locations":[{"start":{"line":85,"column":4},"end":{"line":90,"column":5}}]}},"s":{"0":1,"1":1,"2":1,"3":1,"4":1,"5":1,"6":1,"7":1,"8":1,"9":2,"10":1,"11":2,"12":1,"13":1,"14":1,"15":1,"16":1,"17":0,"18":1,"19":1,"20":1,"21":1,"22":1,"23":1,"24":1,"25":1,"26":0,"27":1,"28":1,"29":1},"f":{"0":1,"1":1,"2":1,"3":2,"4":1,"5":1,"6":1,"7":1,"8":1},"b":{"0":[1,0],"1":[1],"2":[0],"3":[0,1],"4":[0]}}
,"/Users/pingjohnlayson/Tutorial/temp/temp1/loan-api/src/utils/calculations.ts": {"path":"/Users/pingjohnlayson/Tutorial/temp/temp1/loan-api/src/utils/calculations.ts","statementMap":{"0":{"start":{"line":1,"column":0},"end":{"line":1,"column":16}},"1":{"start":{"line":6,"column":30},"end":{"line":6,"column":53}},"2":{"start":{"line":7,"column":27},"end":{"line":7,"column":40}},"3":{"start":{"line":9,"column":4},"end":{"line":10,"column":62}},"4":{"start":{"line":11,"column":2},"end":{"line":11,"column":47}}},"fnMap":{"0":{"name":"calculateMonthlyPayment","decl":{"start":{"line":1,"column":16},"end":{"line":1,"column":39}},"loc":{"start":{"line":4,"column":18},"end":{"line":12,"column":1}}}},"branchMap":{},"s":{"0":1,"1":2,"2":2,"3":2,"4":2},"f":{"0":2},"b":{}}
}
