TN:
SF:src/app.ts
FNF:0
FNH:0
DA:1,1
DA:2,1
DA:3,1
DA:5,1
DA:7,1
DA:8,1
DA:9,1
DA:11,1
LF:8
LH:8
BRF:0
BRH:0
end_of_record
TN:
SF:src/controllers/loanController.ts
FN:9,(anonymous_8)
FN:9,(anonymous_9)
FN:14,(anonymous_10)
FN:14,(anonymous_11)
FN:22,(anonymous_12)
FN:22,(anonymous_13)
FN:28,(anonymous_14)
FN:28,(anonymous_15)
FN:37,(anonymous_16)
FN:37,(anonymous_17)
FNF:10
FNH:10
FNDA:1,(anonymous_8)
FNDA:1,(anonymous_9)
FNDA:2,(anonymous_10)
FNDA:2,(anonymous_11)
FNDA:1,(anonymous_12)
FNDA:1,(anonymous_13)
FNDA:1,(anonymous_14)
FNDA:1,(anonymous_15)
FNDA:1,(anonymous_16)
FNDA:1,(anonymous_17)
DA:1,1
DA:2,1
DA:4,1
DA:7,1
DA:9,1
DA:10,1
DA:11,1
DA:14,2
DA:15,2
DA:16,2
DA:17,1
DA:19,1
DA:22,1
DA:23,1
DA:24,1
DA:25,1
DA:28,1
DA:29,1
DA:30,1
DA:31,1
DA:32,0
DA:34,1
DA:37,1
DA:38,1
DA:39,1
DA:40,0
DA:42,1
LF:27
LH:25
BRDA:16,0,0,1
BRDA:31,1,0,0
BRDA:39,2,0,0
BRF:3
BRH:1
end_of_record
TN:
SF:src/middleware/errorHandler.ts
FN:11,(anonymous_0)
FN:31,(anonymous_1)
FNF:2
FNH:2
FNDA:6,(anonymous_0)
FNDA:2,(anonymous_1)
DA:2,2
DA:11,2
DA:13,6
DA:14,2
DA:18,6
DA:19,2
DA:25,2
DA:29,4
DA:30,2
DA:31,2
DA:36,2
DA:40,2
LF:12
LH:12
BRDA:13,0,0,2
BRDA:13,1,0,6
BRDA:13,1,1,4
BRDA:18,2,0,2
BRDA:19,3,0,2
BRDA:19,3,1,0
BRDA:29,4,0,2
BRDA:32,5,0,1
BRDA:32,5,1,1
BRDA:42,6,0,2
BRDA:42,6,1,1
BRF:11
BRH:10
end_of_record
TN:
SF:src/middleware/validation.ts
FN:17,(anonymous_0)
FN:32,(anonymous_1)
FN:46,(anonymous_2)
FN:56,(anonymous_3)
FN:64,(anonymous_4)
FNF:5
FNH:5
FNDA:12,(anonymous_0)
FNDA:12,(anonymous_1)
FNDA:12,(anonymous_2)
FNDA:12,(anonymous_3)
FNDA:16,(anonymous_4)
DA:1,1
DA:13,1
DA:18,12
DA:19,1
DA:21,11
DA:32,12
DA:46,12
DA:56,1
DA:61,12
DA:62,12
DA:63,10
DA:64,16
DA:69,10
DA:71,2
LF:14
LH:14
BRDA:18,0,0,1
BRDA:62,1,0,10
BRDA:65,2,0,16
BRDA:65,2,1,0
BRF:4
BRH:3
end_of_record
TN:
SF:src/routes/loanRoutes.ts
FNF:0
FNH:0
DA:1,1
DA:2,1
DA:9,1
DA:14,1
DA:16,1
DA:17,1
DA:18,1
DA:23,1
DA:28,1
DA:30,1
LF:10
LH:10
BRF:0
BRH:0
end_of_record
TN:
SF:src/services/loanService.ts
FN:11,(anonymous_0)
FN:14,(anonymous_1)
FN:33,(anonymous_2)
FN:41,(anonymous_3)
FN:42,(anonymous_4)
FN:56,(anonymous_5)
FN:57,(anonymous_6)
FN:83,(anonymous_7)
FN:84,(anonymous_8)
FNF:9
FNH:9
FNDA:1,(anonymous_0)
FNDA:1,(anonymous_1)
FNDA:1,(anonymous_2)
FNDA:2,(anonymous_3)
FNDA:1,(anonymous_4)
FNDA:1,(anonymous_5)
FNDA:1,(anonymous_6)
FNDA:1,(anonymous_7)
FNDA:1,(anonymous_8)
DA:2,1
DA:3,1
DA:11,1
DA:12,1
DA:15,1
DA:16,1
DA:18,1
DA:25,1
DA:26,1
DA:34,1
DA:42,2
DA:43,2
DA:44,1
DA:49,1
DA:57,1
DA:58,1
DA:59,0
DA:65,1
DA:66,1
DA:68,1
DA:75,1
DA:76,1
DA:84,1
DA:85,1
DA:86,0
DA:92,1
DA:93,1
LF:27
LH:25
BRDA:15,0,0,1
BRDA:15,0,1,0
BRDA:43,1,0,1
BRDA:58,2,0,0
BRDA:65,3,0,0
BRDA:65,3,1,1
BRDA:85,4,0,0
BRF:7
BRH:3
end_of_record
TN:
SF:src/utils/calculations.ts
FN:1,calculateMonthlyPayment
FNF:1
FNH:1
FNDA:2,calculateMonthlyPayment
DA:1,1
DA:6,2
DA:7,2
DA:9,2
DA:11,2
LF:5
LH:5
BRF:0
BRH:0
end_of_record
